<?xml version="1.0" encoding="UTF-8"?>
<testng-results skipped="0" failed="0" total="1" passed="1">
  <reporter-output>
    <line>
      <![CDATA[1]]>
    </line>
    <line>
      <![CDATA[2]]>
    </line>
  </reporter-output>
  <suite name="Default suite" duration-ms="14158" started-at="2019-12-19T14:25:33Z" finished-at="2019-12-19T14:25:47Z">
    <groups>
    </groups>
    <test name="Default test" duration-ms="14158" started-at="2019-12-19T14:25:33Z" finished-at="2019-12-19T14:25:47Z">
      <class name="scripts.InvaliLogin">
        <test-method status="PASS" signature="testInvaliLogin()[pri:0, instance:scripts.InvaliLogin@387c703b]" name="testInvaliLogin" duration-ms="14146" started-at="2019-12-19T19:55:33Z" finished-at="2019-12-19T19:55:47Z">
          <reporter-output>
            <line>
              <![CDATA[1]]>
            </line>
            <line>
              <![CDATA[2]]>
            </line>
          </reporter-output>
        </test-method> <!-- testInvaliLogin -->
      </class> <!-- scripts.InvaliLogin -->
    </test> <!-- Default test -->
  </suite> <!-- Default suite -->
</testng-results>
