<?xml version="1.0" encoding="UTF-8"?>
<testng-results skipped="0" failed="0" total="1" passed="1">
  <reporter-output>
    <line>
      <![CDATA[1]]>
    </line>
    <line>
      <![CDATA[2]]>
    </line>
  </reporter-output>
  <suite name="Suite" duration-ms="16543" started-at="2019-12-19T14:45:13Z" finished-at="2019-12-19T14:45:30Z">
    <groups>
    </groups>
    <test name="Test" duration-ms="16543" started-at="2019-12-19T14:45:13Z" finished-at="2019-12-19T14:45:30Z">
      <class name="scripts.InvaliLogin">
        <test-method status="PASS" signature="testInvaliLogin()[pri:0, instance:scripts.InvaliLogin@490d6c15]" name="testInvaliLogin" duration-ms="16492" started-at="2019-12-19T20:15:13Z" finished-at="2019-12-19T20:15:30Z">
          <reporter-output>
            <line>
              <![CDATA[1]]>
            </line>
            <line>
              <![CDATA[2]]>
            </line>
          </reporter-output>
        </test-method> <!-- testInvaliLogin -->
      </class> <!-- scripts.InvaliLogin -->
    </test> <!-- Test -->
  </suite> <!-- Suite -->
</testng-results>
